Using pre-set license
Built from '2021.3/staging' branch; Version is '2021.3.18f1 (3129e69bc0c7) revision 3221990'; Using compiler version '192829333'; Build Type 'Release'
OS: 'Windows 10  (10.0.19044) 64bit Core' Language: 'de' Physical Memory: 15792 MB
BatchMode: 1, IsHumanControllingUs: 0, StartBugReporterOnCrash: 0, Is64bit: 1, IsPro: 1

COMMAND LINE ARGUMENTS:
C:\Program Files\Unity\Hub\Editor\2021.3.18f1\Editor\Unity.exe
-adb2
-batchMode
-noUpm
-name
AssetImportWorker0
-projectPath
C:/Users/denni/OneDrive/Desktop/Unity/OnlineRPGJR/UnlineRPGJR
-logFile
Logs/AssetImportWorker0.log
-srvPort
51005
Successfully changed project path to: C:/Users/denni/OneDrive/Desktop/Unity/OnlineRPGJR/UnlineRPGJR
C:/Users/denni/OneDrive/Desktop/Unity/OnlineRPGJR/UnlineRPGJR
[UnityMemory] Configuration Parameters - Can be set up in boot.config
    "memorysetup-bucket-allocator-granularity=16"
    "memorysetup-bucket-allocator-bucket-count=8"
    "memorysetup-bucket-allocator-block-size=33554432"
    "memorysetup-bucket-allocator-block-count=8"
    "memorysetup-main-allocator-block-size=16777216"
    "memorysetup-thread-allocator-block-size=16777216"
    "memorysetup-gfx-main-allocator-block-size=16777216"
    "memorysetup-gfx-thread-allocator-block-size=16777216"
    "memorysetup-cache-allocator-block-size=4194304"
    "memorysetup-typetree-allocator-block-size=2097152"
    "memorysetup-profiler-bucket-allocator-granularity=16"
    "memorysetup-profiler-bucket-allocator-bucket-count=8"
    "memorysetup-profiler-bucket-allocator-block-size=33554432"
    "memorysetup-profiler-bucket-allocator-block-count=8"
    "memorysetup-profiler-allocator-block-size=16777216"
    "memorysetup-profiler-editor-allocator-block-size=1048576"
    "memorysetup-temp-allocator-size-main=16777216"
    "memorysetup-job-temp-allocator-block-size=2097152"
    "memorysetup-job-temp-allocator-block-size-background=1048576"
    "memorysetup-job-temp-allocator-reduction-small-platforms=262144"
    "memorysetup-temp-allocator-size-background-worker=32768"
    "memorysetup-temp-allocator-size-job-worker=262144"
    "memorysetup-temp-allocator-size-preload-manager=33554432"
    "memorysetup-temp-allocator-size-nav-mesh-worker=65536"
    "memorysetup-temp-allocator-size-audio-worker=65536"
    "memorysetup-temp-allocator-size-cloud-worker=32768"
    "memorysetup-temp-allocator-size-gi-baking-worker=262144"
    "memorysetup-temp-allocator-size-gfx=262144"
Player connection [5692] Host "[IP] 25.45.90.129 [Port] 0 [Flags] 2 [Guid] 2282057087 [EditorId] 2282057087 [Version] 1048832 [Id] WindowsEditor(7,LAPTOP-JV3EJRGA) [Debug] 1 [PackageName] WindowsEditor [ProjectName] Editor" joined multi-casting on [225.0.0.222:54997]...

Player connection [5692] Host "[IP] 25.45.90.129 [Port] 0 [Flags] 2 [Guid] 2282057087 [EditorId] 2282057087 [Version] 1048832 [Id] WindowsEditor(7,LAPTOP-JV3EJRGA) [Debug] 1 [PackageName] WindowsEditor [ProjectName] Editor" joined alternative multi-casting on [225.0.0.222:34997]...

Refreshing native plugins compatible for Editor in 305.31 ms, found 4 plugins.
Preloading 0 native plugins for Editor in 0.00 ms.
Initialize engine version: 2021.3.18f1 (3129e69bc0c7)
[Subsystems] Discovering subsystems at path C:/Program Files/Unity/Hub/Editor/2021.3.18f1/Editor/Data/Resources/UnitySubsystems
[Subsystems] Discovering subsystems at path C:/Users/denni/OneDrive/Desktop/Unity/OnlineRPGJR/UnlineRPGJR/Assets
GfxDevice: creating device client; threaded=0; jobified=0
Direct3D:
    Version:  Direct3D 11.0 [level 11.1]
    Renderer: AMD Radeon(TM) Graphics (ID=0x1638)
    Vendor:   ATI
    VRAM:     7896 MB
    Driver:   30.0.13002.19003
Initialize mono
Mono path[0] = 'C:/Program Files/Unity/Hub/Editor/2021.3.18f1/Editor/Data/Managed'
Mono path[1] = 'C:/Program Files/Unity/Hub/Editor/2021.3.18f1/Editor/Data/MonoBleedingEdge/lib/mono/unityjit-win32'
Mono config path = 'C:/Program Files/Unity/Hub/Editor/2021.3.18f1/Editor/Data/MonoBleedingEdge/etc'
Using monoOptions --debugger-agent=transport=dt_socket,embedding=1,server=y,suspend=n,address=127.0.0.1:56044
Begin MonoManager ReloadAssembly
Registering precompiled unity dll's ...
Register platform support module: C:/Program Files/Unity/Hub/Editor/2021.3.18f1/Editor/Data/PlaybackEngines/WebGLSupport/UnityEditor.WebGL.Extensions.dll
Register platform support module: C:/Program Files/Unity/Hub/Editor/2021.3.18f1/Editor/Data/PlaybackEngines/MacStandaloneSupport/UnityEditor.OSXStandalone.Extensions.dll
Register platform support module: C:/Program Files/Unity/Hub/Editor/2021.3.18f1/Editor/Data/PlaybackEngines/AndroidPlayer/UnityEditor.Android.Extensions.dll
Register platform support module: C:/Program Files/Unity/Hub/Editor/2021.3.18f1/Editor/Data/PlaybackEngines/iOSSupport/UnityEditor.iOS.Extensions.dll
Register platform support module: C:/Program Files/Unity/Hub/Editor/2021.3.18f1/Editor/Data/PlaybackEngines/AppleTVSupport/UnityEditor.AppleTV.Extensions.dll
Register platform support module: C:/Program Files/Unity/Hub/Editor/2021.3.18f1/Editor/Data/PlaybackEngines/WindowsStandaloneSupport/UnityEditor.WindowsStandalone.Extensions.dll
Register platform support module: C:/Program Files/Unity/Hub/Editor/2021.3.18f1/Editor/Data/PlaybackEngines/LinuxStandaloneSupport/UnityEditor.LinuxStandalone.Extensions.dll
Register platform support module: C:/Program Files/Unity/Hub/Editor/2021.3.18f1/Editor/Data/PlaybackEngines/MetroSupport/UnityEditor.UWP.Extensions.dll
Registered in 0.032126 seconds.
Native extension for UWP target not found
Native extension for LinuxStandalone target not found
Native extension for WindowsStandalone target not found
[usbmuxd] Start listen thread
[usbmuxd] Listen thread started
Native extension for AppleTV target not found
[usbmuxd] Start listen thread
[usbmuxd] Listen thread started
Native extension for iOS target not found
Native extension for Android target not found
Android Extension - Scanning For ADB Devices 577 ms
Native extension for OSXStandalone target not found
Native extension for WebGL target not found
Refreshing native plugins compatible for Editor in 328.76 ms, found 4 plugins.
Preloading 0 native plugins for Editor in 0.00 ms.
Mono: successfully reloaded assembly
- Completed reload, in  2.231 seconds
Domain Reload Profiling:
	ReloadAssembly (2232ms)
		BeginReloadAssembly (155ms)
			ExecutionOrderSort (0ms)
			DisableScriptedObjects (0ms)
			BackupInstance (0ms)
			ReleaseScriptingObjects (0ms)
			CreateAndSetChildDomain (1ms)
		EndReloadAssembly (1840ms)
			LoadAssemblies (154ms)
			RebuildTransferFunctionScriptingTraits (0ms)
			SetupTypeCache (214ms)
			ReleaseScriptCaches (0ms)
			RebuildScriptCaches (64ms)
			SetupLoadedEditorAssemblies (1425ms)
				LogAssemblyErrors (0ms)
				InitializePlatformSupportModulesInManaged (802ms)
				SetLoadedEditorAssemblies (1ms)
				RefreshPlugins (329ms)
				BeforeProcessingInitializeOnLoad (2ms)
				ProcessInitializeOnLoadAttributes (189ms)
				ProcessInitializeOnLoadMethodAttributes (101ms)
				AfterProcessingInitializeOnLoad (0ms)
				EditorAssembliesLoaded (0ms)
			ExecutionOrderSort2 (0ms)
			AwakeInstancesAfterBackupRestoration (0ms)
Platform modules already initialized, skipping
Registering precompiled user dll's ...
Registered in 0.028252 seconds.
Begin MonoManager ReloadAssembly
Symbol file LoadedFromMemory doesn't match image C:\Users\denni\OneDrive\Desktop\Unity\OnlineRPGJR\UnlineRPGJR\Library\PackageCache\com.unity.visualscripting@1.8.0\Editor\VisualScripting.Core\Dependencies\YamlDotNet\Unity.VisualScripting.YamlDotNet.dll
Symbol file LoadedFromMemory doesn't match image C:\Users\denni\OneDrive\Desktop\Unity\OnlineRPGJR\UnlineRPGJR\Library\PackageCache\com.unity.visualscripting@1.8.0\Editor\VisualScripting.Core\Dependencies\DotNetZip\Unity.VisualScripting.IonicZip.dll
Native extension for UWP target not found
Native extension for LinuxStandalone target not found
Native extension for WindowsStandalone target not found
Native extension for AppleTV target not found
Native extension for iOS target not found
Native extension for Android target not found
Native extension for OSXStandalone target not found
Native extension for WebGL target not found
Refreshing native plugins compatible for Editor in 337.65 ms, found 4 plugins.
Preloading 0 native plugins for Editor in 0.00 ms.
Mono: successfully reloaded assembly
- Completed reload, in  3.167 seconds
Domain Reload Profiling:
	ReloadAssembly (3169ms)
		BeginReloadAssembly (222ms)
			ExecutionOrderSort (0ms)
			DisableScriptedObjects (12ms)
			BackupInstance (0ms)
			ReleaseScriptingObjects (0ms)
			CreateAndSetChildDomain (38ms)
		EndReloadAssembly (2682ms)
			LoadAssemblies (228ms)
			RebuildTransferFunctionScriptingTraits (0ms)
			SetupTypeCache (579ms)
			ReleaseScriptCaches (1ms)
			RebuildScriptCaches (137ms)
			SetupLoadedEditorAssemblies (1561ms)
				LogAssemblyErrors (0ms)
				InitializePlatformSupportModulesInManaged (92ms)
				SetLoadedEditorAssemblies (1ms)
				RefreshPlugins (338ms)
				BeforeProcessingInitializeOnLoad (392ms)
				ProcessInitializeOnLoadAttributes (503ms)
				ProcessInitializeOnLoadMethodAttributes (213ms)
				AfterProcessingInitializeOnLoad (21ms)
				EditorAssembliesLoaded (0ms)
			ExecutionOrderSort2 (0ms)
			AwakeInstancesAfterBackupRestoration (13ms)
Platform modules already initialized, skipping
========================================================================
Worker process is ready to serve import requests
Launched and connected shader compiler UnityShaderCompiler.exe after 0.12 seconds
Refreshing native plugins compatible for Editor in 1.52 ms, found 4 plugins.
Preloading 0 native plugins for Editor in 0.00 ms.
Unloading 6122 Unused Serialized files (Serialized files now loaded: 0)
Unloading 63 unused Assets / (1.3 MB). Loaded Objects now: 6556.
Memory consumption went from 253.8 MB to 252.6 MB.
Total: 7.771100 ms (FindLiveObjects: 0.644400 ms CreateObjectMapping: 0.475000 ms MarkObjects: 5.880200 ms  DeleteObjects: 0.770100 ms)

AssetImportParameters requested are different than current active one (requested -> active):
  custom:video-decoder-ogg-theora: a1e56fd34408186e4bbccfd4996cb3dc -> 
  custom:container-muxer-webm: aa71ff27fc2769a1b78a27578f13a17b -> 
  custom:container-demuxer-webm: 4f35f7cbe854078d1ac9338744f61a02 -> 
  custom:video-encoder-webm-vp8: eb34c28f22e8b96e1ab97ce403110664 -> 
  custom:video-codec-MediaFoundation-h265: 746d11721c4dcdbdad8f713fa42b33f4 -> 
  custom:audio-encoder-webm-vorbis: bf7c407c2cedff20999df2af8eb42d56 -> 
  custom:framework-win-MediaFoundation: 216162199b28c13a410421893ffa2e32 -> 
  custom:container-demuxer-ogg: 62fdf1f143b41e24485cea50d1cbac27 -> 
  custom:video-decoder-webm-vp8: 9c59270c3fd7afecdb556c50c9e8de78 -> 
  custom:audio-decoder-ogg-vorbis: bf7c407c2cedff20999df2af8eb42d56 -> 
========================================================================
Received Import Request.
  Time since last request: 2462461.307599 seconds.
  path: Assets/Sprites/tilset.png
  artifactKey: Guid(a812f4d5e4fb79849b6419e69d63bf94) Importer(815301076,1909f56bfc062723c751e8b465ee728b)
Start importing Assets/Sprites/tilset.png using Guid(a812f4d5e4fb79849b6419e69d63bf94) Importer(815301076,1909f56bfc062723c751e8b465ee728b)  -> (artifact id: '0e41df0645cc3d18500841256636fc0d') in 0.286399 seconds 
========================================================================
Received Import Request.
  Time since last request: 126.371398 seconds.
  path: Assets/Sprites/tilset.png
  artifactKey: Guid(a812f4d5e4fb79849b6419e69d63bf94) Importer(815301076,1909f56bfc062723c751e8b465ee728b)
Start importing Assets/Sprites/tilset.png using Guid(a812f4d5e4fb79849b6419e69d63bf94) Importer(815301076,1909f56bfc062723c751e8b465ee728b)  -> (artifact id: 'b69fa636ad1be213ba8c4e10512833d8') in 0.017907 seconds 
========================================================================
Received Import Request.
  Time since last request: 151.204379 seconds.
  path: Assets/Sprites/tilset.png
  artifactKey: Guid(a812f4d5e4fb79849b6419e69d63bf94) Importer(815301076,1909f56bfc062723c751e8b465ee728b)
Start importing Assets/Sprites/tilset.png using Guid(a812f4d5e4fb79849b6419e69d63bf94) Importer(815301076,1909f56bfc062723c751e8b465ee728b)  -> (artifact id: 'f83a31f25d6efd1f1d1cdbf73912208a') in 0.287127 seconds 
========================================================================
Received Import Request.
  Time since last request: 387.217828 seconds.
  path: Assets/tilesets/Test_Base.prefab
  artifactKey: Guid(f015c2f91f9ffa44585f985f02beb6b1) Importer(815301076,1909f56bfc062723c751e8b465ee728b)
Start importing Assets/tilesets/Test_Base.prefab using Guid(f015c2f91f9ffa44585f985f02beb6b1) Importer(815301076,1909f56bfc062723c751e8b465ee728b)  -> (artifact id: '7b2a4f89c4285827ee01edb03180c75b') in 0.572395 seconds 
========================================================================
Received Import Request.
  Time since last request: 0.000050 seconds.
  path: Assets/tilesets/tilset_3 1.asset
  artifactKey: Guid(414b67b4d694cf44abfaf0adc19b44d4) Importer(815301076,1909f56bfc062723c751e8b465ee728b)
Start importing Assets/tilesets/tilset_3 1.asset using Guid(414b67b4d694cf44abfaf0adc19b44d4) Importer(815301076,1909f56bfc062723c751e8b465ee728b)  -> (artifact id: 'bc49c7e7c7f007e1839ac83364056463') in 0.037981 seconds 
========================================================================
Received Import Request.
  Time since last request: 0.000063 seconds.
  path: Assets/tilesets/tilset_0.asset
  artifactKey: Guid(993364b1900f64d4593eca846fea7127) Importer(815301076,1909f56bfc062723c751e8b465ee728b)
Start importing Assets/tilesets/tilset_0.asset using Guid(993364b1900f64d4593eca846fea7127) Importer(815301076,1909f56bfc062723c751e8b465ee728b)  -> (artifact id: '77968ae13af426175e768b022b7aaf4d') in 0.022639 seconds 
========================================================================
Received Import Request.
  Time since last request: 0.000036 seconds.
  path: Assets/tilesets/tilset_6 1.asset
  artifactKey: Guid(22939f39d1ba34b4c9ccf96b09554fd2) Importer(815301076,1909f56bfc062723c751e8b465ee728b)
Start importing Assets/tilesets/tilset_6 1.asset using Guid(22939f39d1ba34b4c9ccf96b09554fd2) Importer(815301076,1909f56bfc062723c751e8b465ee728b)  -> (artifact id: 'c9df48d1ba2c96004dbc66b96b910ad0') in 0.019775 seconds 
========================================================================
Received Import Request.
  Time since last request: 0.000041 seconds.
  path: Assets/tilesets/tilset_5.asset
  artifactKey: Guid(4f3b10c596a0456429259b68e8c3e73d) Importer(815301076,1909f56bfc062723c751e8b465ee728b)
Start importing Assets/tilesets/tilset_5.asset using Guid(4f3b10c596a0456429259b68e8c3e73d) Importer(815301076,1909f56bfc062723c751e8b465ee728b)  -> (artifact id: '393040d52291a5045d88d3d06c7be0d2') in 0.022765 seconds 
========================================================================
Received Import Request.
  Time since last request: 0.000032 seconds.
  path: Assets/tilesets/tilset_1 1.asset
  artifactKey: Guid(8cc17963ea3872347adba7cdcb33b43e) Importer(815301076,1909f56bfc062723c751e8b465ee728b)
Start importing Assets/tilesets/tilset_1 1.asset using Guid(8cc17963ea3872347adba7cdcb33b43e) Importer(815301076,1909f56bfc062723c751e8b465ee728b)  -> (artifact id: '8b6369439c27d3c54489d5dea852d483') in 0.021705 seconds 
========================================================================
Received Import Request.
  Time since last request: 0.000039 seconds.
  path: Assets/tilesets/tilset_0 1.asset
  artifactKey: Guid(3344566b2268c4f4c82afd002f6582ae) Importer(815301076,1909f56bfc062723c751e8b465ee728b)
Start importing Assets/tilesets/tilset_0 1.asset using Guid(3344566b2268c4f4c82afd002f6582ae) Importer(815301076,1909f56bfc062723c751e8b465ee728b)  -> (artifact id: '5dd0bb622358400aadb483907f86e3eb') in 0.020537 seconds 
========================================================================
Received Import Request.
  Time since last request: 0.000032 seconds.
  path: Assets/tilesets/tilset_2.asset
  artifactKey: Guid(a19ececf69ca8914f9651f2564f4169a) Importer(815301076,1909f56bfc062723c751e8b465ee728b)
Start importing Assets/tilesets/tilset_2.asset using Guid(a19ececf69ca8914f9651f2564f4169a) Importer(815301076,1909f56bfc062723c751e8b465ee728b)  -> (artifact id: 'f5067ed957031cd7cf9559c037d4e54b') in 0.020651 seconds 
========================================================================
Received Import Request.
  Time since last request: 0.000037 seconds.
  path: Assets/tilesets/tilset_4.asset
  artifactKey: Guid(d554f5dc448252c45a280208d5b542c0) Importer(815301076,1909f56bfc062723c751e8b465ee728b)
Start importing Assets/tilesets/tilset_4.asset using Guid(d554f5dc448252c45a280208d5b542c0) Importer(815301076,1909f56bfc062723c751e8b465ee728b)  -> (artifact id: 'd62a803c3b537bd1384b45a5622bffc9') in 0.021690 seconds 
========================================================================
Received Import Request.
  Time since last request: 0.000064 seconds.
  path: Assets/tilesets/tilset_1.asset
  artifactKey: Guid(069c92bad559ab64ba912a26e8f11141) Importer(815301076,1909f56bfc062723c751e8b465ee728b)
Start importing Assets/tilesets/tilset_1.asset using Guid(069c92bad559ab64ba912a26e8f11141) Importer(815301076,1909f56bfc062723c751e8b465ee728b)  -> (artifact id: '45d5d8da1b905eff5138653b75d8374f') in 0.020661 seconds 
========================================================================
Received Import Request.
  Time since last request: 0.000036 seconds.
  path: Assets/tilesets/tilset_2 1.asset
  artifactKey: Guid(d723dcb6de258a74cb6618eb700cc68b) Importer(815301076,1909f56bfc062723c751e8b465ee728b)
Start importing Assets/tilesets/tilset_2 1.asset using Guid(d723dcb6de258a74cb6618eb700cc68b) Importer(815301076,1909f56bfc062723c751e8b465ee728b)  -> (artifact id: 'a0f17b9479c50756f114c4aa15532c29') in 0.019801 seconds 
Editor requested this worker to shutdown with reason: Scaling down because of idle timeout
AssetImportWorker is now disconnected from the server
Process exiting
Exiting without the bug reporter. Application will terminate with return code 0